<?xml version="1.0" encoding="UTF-8"?>
<testsuites>
  <testsuite name="ApiCadlValidation" tests="16" failures="16" errors="0" skipped="0">
    <testcase classname="unknown" name="InConsistentSwagger" file="unknown">
      <failure message="| Rule |&#xA;|------|&#xA;|❌ [](undefined)|&#xA;&#xA;| Messges |&#xA;| --------|&#xA;| InConsistentSwagger &lt;br> &quot;details&quot;:&quot;The generated swagger file Microsoft.Contoso/preview/2021-08-01-preview/openapi.json from cadl specification/contoso-test/resource-manager/Microsoft.Contoso/cadl is not the same as the 'Microsoft.Contoso/preview/2021-08-01-preview/openapi.json' in PR,&lt;br> please make sure the swagger is consistent with the generated swagger. You can find the difference in the pipeline log.&quot; |&#xA;" type="ValidationResult"/>
    </testcase>
    <testcase classname="unknown" name="InConsistentSwaggers" file="unknown">
      <failure message="| Rule |&#xA;|------|&#xA;|❌ [](undefined)|&#xA;&#xA;| Messges |&#xA;| --------|&#xA;| InConsistentSwaggers &lt;br> &quot;details&quot;:&quot;The generated swagger from cadl are different with the swagger which are being checked in,&lt;br> see error log for details. Please ensure the swagger or cadl are consistent in the PR.&quot; |&#xA;| InConsistentSwaggers &lt;br> &quot;details&quot;:&quot;The generated swagger from cadl are different with the swagger which are being checked in,&lt;br> see error log for details. Please ensure the swagger or cadl are consistent in the PR.&quot; |&#xA;| InConsistentSwaggers &lt;br> &quot;details&quot;:&quot;The generated swagger from cadl are different with the swagger which are being checked in,&lt;br> see error log for details. Please ensure the swagger or cadl are consistent in the PR.&quot; |&#xA;| InConsistentSwaggers &lt;br> &quot;details&quot;:&quot;The generated swagger from cadl are different with the swagger which are being checked in,&lt;br> see error log for details. Please ensure the swagger or cadl are consistent in the PR.&quot; |&#xA;| InConsistentSwaggers &lt;br> &quot;details&quot;:&quot;The generated swagger from cadl are different with the swagger which are being checked in,&lt;br> see error log for details. Please ensure the swagger or cadl are consistent in the PR.&quot; |&#xA;| InConsistentSwaggers &lt;br> &quot;details&quot;:&quot;The generated swagger from cadl are different with the swagger which are being checked in,&lt;br> see error log for details. Please ensure the swagger or cadl are consistent in the PR.&quot; |&#xA;" type="ValidationResult"/>
    </testcase>
    <testcase classname="unknown" name="MissingCadlFile" file="unknown">
      <failure message="| Rule |&#xA;|------|&#xA;|❌ [](undefined)|&#xA;&#xA;| Messges |&#xA;| --------|&#xA;| MissingCadlFile &lt;br> &quot;details&quot;:&quot;The swagger specification/contoso-test2/data-plane/Microsoft.Contoso/openapi.json is generated from cadl files,&lt;br> but the cadl file is missing in the PR.&quot; |&#xA;" type="ValidationResult"/>
    </testcase>
    <testcase classname="unknown" name="MissingPackageJson" file="unknown">
      <failure message="| Rule |&#xA;|------|&#xA;|❌ [](undefined)|&#xA;&#xA;| Messges |&#xA;| --------|&#xA;| MissingPackageJson &lt;br> &quot;details&quot;:&quot;The 'package.json' is missing in the cadl folder specification/contoso-test1/data-plane/Microsoft.Contoso/cadl,&lt;br> please ensure the 'package.json' is added in the PR.&quot; |&#xA;| MissingPackageJson &lt;br> &quot;details&quot;:&quot;The 'package.json' is missing in the cadl folder specification/contoso-test1/resource-manager/Microsoft.Contoso/cadl,&lt;br> please ensure the 'package.json' is added in the PR.&quot; |&#xA;| MissingPackageJson &lt;br> &quot;details&quot;:&quot;The 'package.json' is missing in the cadl folder specification/contoso-test2/resource-manager/Microsoft.Contoso/cadl,&lt;br> please ensure the 'package.json' is added in the PR.&quot; |&#xA;" type="ValidationResult"/>
    </testcase>
    <testcase classname="resource-manager/Microsoft.Contoso/cadl/__additional_imports" name="file-load" file="resource-manager/Microsoft.Contoso/cadl/__additional_imports">
      <failure message="| Cannot find package '@cadl-lang/versioning' imported from /home/justinxi/openapi-env-test/specification/contoso-test/resource-manager/Microsoft.Contoso/cadl/node_modules/@azure-tools/cadl-autorest/dist/src/openapi.js &lt;br>Location: [resource-manager/Microsoft.Contoso/cadl/__additional_imports](https://github.com/undefined/blob/undefined/specification/contoso-test/resource-manager/Microsoft.Contoso/cadl/__additional_imports#L1) |&#xA;| Cannot find package '@cadl-lang/openapi' imported from /home/justinxi/openapi-env-test/specification/contoso-test/resource-manager/Microsoft.Contoso/cadl/node_modules/@azure-tools/cadl-autorest/dist/src/decorators.js &lt;br>Location: [resource-manager/Microsoft.Contoso/cadl/__additional_imports](https://github.com/undefined/blob/undefined/specification/contoso-test/resource-manager/Microsoft.Contoso/cadl/__additional_imports#L1) |&#xA;| Cannot find package '@cadl-lang/openapi' imported from /home/justinxi/openapi-env-test/specification/contoso-test/resource-manager/Microsoft.Contoso/cadl/node_modules/@azure-tools/cadl-autorest/dist/src/decorators.js &lt;br>Location: [resource-manager/Microsoft.Contoso/cadl/__additional_imports](https://github.com/undefined/blob/undefined/specification/contoso-test/resource-manager/Microsoft.Contoso/cadl/__additional_imports#L1) |&#xA;" type="ValidationResult"/>
    </testcase>
    <testcase classname="@azure-tools/cadl-providerhub/lib/providerhub.cadl" name="file-load" file="@azure-tools/cadl-providerhub/lib/providerhub.cadl">
      <failure message="| Cannot find package '@cadl-lang/versioning' imported from /home/justinxi/openapi-env-test/specification/contoso-test/resource-manager/Microsoft.Contoso/cadl/node_modules/@azure-tools/cadl-autorest/dist/src/openapi.js &lt;br>Location: [@azure-tools/cadl-providerhub/lib/providerhub.cadl](https://github.com/undefined/blob/undefined/specification/contoso-test/resource-manager/Microsoft.Contoso/cadl/node_modules/@azure-tools/cadl-providerhub/lib/providerhub.cadl#L4) |&#xA;| Cannot find package '@cadl-lang/openapi' imported from /home/justinxi/openapi-env-test/specification/contoso-test/resource-manager/Microsoft.Contoso/cadl/node_modules/@azure-tools/cadl-autorest/dist/src/decorators.js &lt;br>Location: [@azure-tools/cadl-providerhub/lib/providerhub.cadl](https://github.com/undefined/blob/undefined/specification/contoso-test/resource-manager/Microsoft.Contoso/cadl/node_modules/@azure-tools/cadl-providerhub/lib/providerhub.cadl#L4) |&#xA;| Cannot find package '@cadl-lang/openapi' imported from /home/justinxi/openapi-env-test/specification/contoso-test/resource-manager/Microsoft.Contoso/cadl/node_modules/@azure-tools/cadl-autorest/dist/src/decorators.js &lt;br>Location: [@azure-tools/cadl-providerhub/lib/providerhub.cadl](https://github.com/undefined/blob/undefined/specification/contoso-test/resource-manager/Microsoft.Contoso/cadl/node_modules/@azure-tools/cadl-providerhub/lib/providerhub.cadl#L4) |&#xA;" type="ValidationResult"/>
    </testcase>
    <testcase classname="@azure-tools/cadl-providerhub/lib/providerhub.cadl" name="import-not-found" file="@azure-tools/cadl-providerhub/lib/providerhub.cadl">
      <failure message="| Couldn't resolve import &quot;@cadl-lang/openapi&quot; &lt;br>Location: [@azure-tools/cadl-providerhub/lib/providerhub.cadl](https://github.com/undefined/blob/undefined/specification/contoso-test/resource-manager/Microsoft.Contoso/cadl/node_modules/@azure-tools/cadl-providerhub/lib/providerhub.cadl#L1) |&#xA;| Couldn't resolve import &quot;@cadl-lang/openapi&quot; &lt;br>Location: [@azure-tools/cadl-providerhub/lib/providerhub.cadl](https://github.com/undefined/blob/undefined/specification/contoso-test/resource-manager/Microsoft.Contoso/cadl/node_modules/@azure-tools/cadl-providerhub/lib/providerhub.cadl#L1) |&#xA;" type="ValidationResult"/>
    </testcase>
    <testcase classname="@azure-tools/cadl-providerhub/lib/providerhub.cadl" name="unknown-decorator" file="@azure-tools/cadl-providerhub/lib/providerhub.cadl">
      <failure message="| Unknown decorator &lt;br>Location: [@azure-tools/cadl-providerhub/lib/providerhub.cadl](https://github.com/undefined/blob/undefined/specification/contoso-test/resource-manager/Microsoft.Contoso/cadl/node_modules/@azure-tools/cadl-providerhub/lib/providerhub.cadl#L29) |&#xA;| Unknown decorator &lt;br>Location: [@azure-tools/cadl-providerhub/lib/providerhub.cadl](https://github.com/undefined/blob/undefined/specification/contoso-test/resource-manager/Microsoft.Contoso/cadl/node_modules/@azure-tools/cadl-providerhub/lib/providerhub.cadl#L366) |&#xA;| Unknown decorator &lt;br>Location: [@azure-tools/cadl-providerhub/lib/providerhub.cadl](https://github.com/undefined/blob/undefined/specification/contoso-test/resource-manager/Microsoft.Contoso/cadl/node_modules/@azure-tools/cadl-providerhub/lib/providerhub.cadl#L72) |&#xA;| Unknown decorator &lt;br>Location: [@azure-tools/cadl-providerhub/lib/providerhub.cadl](https://github.com/undefined/blob/undefined/specification/contoso-test/resource-manager/Microsoft.Contoso/cadl/node_modules/@azure-tools/cadl-providerhub/lib/providerhub.cadl#L79) |&#xA;| Unknown decorator &lt;br>Location: [@azure-tools/cadl-providerhub/lib/providerhub.cadl](https://github.com/undefined/blob/undefined/specification/contoso-test/resource-manager/Microsoft.Contoso/cadl/node_modules/@azure-tools/cadl-providerhub/lib/providerhub.cadl#L155) |&#xA;| Unknown decorator &lt;br>Location: [@azure-tools/cadl-providerhub/lib/providerhub.cadl](https://github.com/undefined/blob/undefined/specification/contoso-test/resource-manager/Microsoft.Contoso/cadl/node_modules/@azure-tools/cadl-providerhub/lib/providerhub.cadl#L164) |&#xA;| Unknown decorator &lt;br>Location: [@azure-tools/cadl-providerhub/lib/providerhub.cadl](https://github.com/undefined/blob/undefined/specification/contoso-test/resource-manager/Microsoft.Contoso/cadl/node_modules/@azure-tools/cadl-providerhub/lib/providerhub.cadl#L175) |&#xA;| Unknown decorator &lt;br>Location: [@azure-tools/cadl-providerhub/lib/providerhub.cadl](https://github.com/undefined/blob/undefined/specification/contoso-test/resource-manager/Microsoft.Contoso/cadl/node_modules/@azure-tools/cadl-providerhub/lib/providerhub.cadl#L192) |&#xA;| Unknown decorator &lt;br>Location: [@azure-tools/cadl-providerhub/lib/providerhub.cadl](https://github.com/undefined/blob/undefined/specification/contoso-test/resource-manager/Microsoft.Contoso/cadl/node_modules/@azure-tools/cadl-providerhub/lib/providerhub.cadl#L203) |&#xA;| Unknown decorator &lt;br>Location: [@azure-tools/cadl-providerhub/lib/providerhub.cadl](https://github.com/undefined/blob/undefined/specification/contoso-test/resource-manager/Microsoft.Contoso/cadl/node_modules/@azure-tools/cadl-providerhub/lib/providerhub.cadl#L259) |&#xA;| Unknown decorator &lt;br>Location: [@azure-tools/cadl-providerhub/lib/providerhub.cadl](https://github.com/undefined/blob/undefined/specification/contoso-test/resource-manager/Microsoft.Contoso/cadl/node_modules/@azure-tools/cadl-providerhub/lib/providerhub.cadl#L253) |&#xA;| Unknown decorator &lt;br>Location: [@azure-tools/cadl-providerhub/lib/providerhub.cadl](https://github.com/undefined/blob/undefined/specification/contoso-test/resource-manager/Microsoft.Contoso/cadl/node_modules/@azure-tools/cadl-providerhub/lib/providerhub.cadl#L281) |&#xA;| Unknown decorator &lt;br>Location: [@azure-tools/cadl-providerhub/lib/providerhub.cadl](https://github.com/undefined/blob/undefined/specification/contoso-test/resource-manager/Microsoft.Contoso/cadl/node_modules/@azure-tools/cadl-providerhub/lib/providerhub.cadl#L319) |&#xA;| Unknown decorator &lt;br>Location: [@azure-tools/cadl-providerhub/lib/providerhub.cadl](https://github.com/undefined/blob/undefined/specification/contoso-test/resource-manager/Microsoft.Contoso/cadl/node_modules/@azure-tools/cadl-providerhub/lib/providerhub.cadl#L343) |&#xA;| Unknown decorator &lt;br>Location: [@azure-tools/cadl-providerhub/lib/providerhub.cadl](https://github.com/undefined/blob/undefined/specification/contoso-test/resource-manager/Microsoft.Contoso/cadl/node_modules/@azure-tools/cadl-providerhub/lib/providerhub.cadl#L312) |&#xA;" type="ValidationResult"/>
    </testcase>
    <testcase classname="@azure-tools/cadl-providerhub/lib/providerhub.cadl" name="unknown-identifier" file="@azure-tools/cadl-providerhub/lib/providerhub.cadl">
      <failure message="| Unknown identifier Autorest &lt;br>Location: [@azure-tools/cadl-providerhub/lib/providerhub.cadl](https://github.com/undefined/blob/undefined/specification/contoso-test/resource-manager/Microsoft.Contoso/cadl/node_modules/@azure-tools/cadl-providerhub/lib/providerhub.cadl#L12) |&#xA;| Unknown identifier Autorest &lt;br>Location: [@azure-tools/cadl-providerhub/lib/providerhub.cadl](https://github.com/undefined/blob/undefined/specification/contoso-test/resource-manager/Microsoft.Contoso/cadl/node_modules/@azure-tools/cadl-providerhub/lib/providerhub.cadl#L12) |&#xA;| Unknown identifier Autorest &lt;br>Location: [@azure-tools/cadl-providerhub/lib/providerhub.cadl](https://github.com/undefined/blob/undefined/specification/contoso-test/resource-manager/Microsoft.Contoso/cadl/node_modules/@azure-tools/cadl-providerhub/lib/providerhub.cadl#L12) |&#xA;" type="ValidationResult"/>
    </testcase>
    <testcase classname="@azure-tools/cadl-azure-resource-manager/lib/arm.cadl" name="file-load" file="@azure-tools/cadl-azure-resource-manager/lib/arm.cadl">
      <failure message="| Cannot find package '@cadl-lang/versioning' imported from /home/justinxi/openapi-env-test/specification/contoso-test/resource-manager/Microsoft.Contoso/cadl/node_modules/@azure-tools/cadl-autorest/dist/src/openapi.js &lt;br>Location: [@azure-tools/cadl-azure-resource-manager/lib/arm.cadl](https://github.com/undefined/blob/undefined/specification/contoso-test/resource-manager/Microsoft.Contoso/cadl/node_modules/@azure-tools/cadl-azure-resource-manager/lib/arm.cadl#L4) |&#xA;| Cannot find package '@cadl-lang/openapi' imported from /home/justinxi/openapi-env-test/specification/contoso-test/resource-manager/Microsoft.Contoso/cadl/node_modules/@azure-tools/cadl-azure-resource-manager/dist/src/rules/retry-after.js &lt;br>Location: [@azure-tools/cadl-azure-resource-manager/lib/arm.cadl](https://github.com/undefined/blob/undefined/specification/contoso-test/resource-manager/Microsoft.Contoso/cadl/node_modules/@azure-tools/cadl-azure-resource-manager/lib/arm.cadl#L1) |&#xA;| Cannot find package '@cadl-lang/openapi' imported from /home/justinxi/openapi-env-test/specification/contoso-test/resource-manager/Microsoft.Contoso/cadl/node_modules/@azure-tools/cadl-autorest/dist/src/decorators.js &lt;br>Location: [@azure-tools/cadl-azure-resource-manager/lib/arm.cadl](https://github.com/undefined/blob/undefined/specification/contoso-test/resource-manager/Microsoft.Contoso/cadl/node_modules/@azure-tools/cadl-azure-resource-manager/lib/arm.cadl#L4) |&#xA;| Cannot find package '@cadl-lang/openapi' imported from /home/justinxi/openapi-env-test/specification/contoso-test/resource-manager/Microsoft.Contoso/cadl/node_modules/@azure-tools/cadl-azure-resource-manager/dist/src/rules/retry-after.js &lt;br>Location: [@azure-tools/cadl-azure-resource-manager/lib/arm.cadl](https://github.com/undefined/blob/undefined/specification/contoso-test/resource-manager/Microsoft.Contoso/cadl/node_modules/@azure-tools/cadl-azure-resource-manager/lib/arm.cadl#L1) |&#xA;| Cannot find package '@cadl-lang/openapi' imported from /home/justinxi/openapi-env-test/specification/contoso-test/resource-manager/Microsoft.Contoso/cadl/node_modules/@azure-tools/cadl-autorest/dist/src/decorators.js &lt;br>Location: [@azure-tools/cadl-azure-resource-manager/lib/arm.cadl](https://github.com/undefined/blob/undefined/specification/contoso-test/resource-manager/Microsoft.Contoso/cadl/node_modules/@azure-tools/cadl-azure-resource-manager/lib/arm.cadl#L4) |&#xA;" type="ValidationResult"/>
    </testcase>
    <testcase classname="@azure-tools/cadl-azure-resource-manager/lib/arm.cadl" name="unknown-decorator" file="@azure-tools/cadl-azure-resource-manager/lib/arm.cadl">
      <failure message="| Unknown decorator &lt;br>Location: [@azure-tools/cadl-azure-resource-manager/lib/arm.cadl](https://github.com/undefined/blob/undefined/specification/contoso-test/resource-manager/Microsoft.Contoso/cadl/node_modules/@azure-tools/cadl-azure-resource-manager/lib/arm.cadl#L59) |&#xA;| Unknown decorator &lt;br>Location: [@azure-tools/cadl-azure-resource-manager/lib/arm.cadl](https://github.com/undefined/blob/undefined/specification/contoso-test/resource-manager/Microsoft.Contoso/cadl/node_modules/@azure-tools/cadl-azure-resource-manager/lib/arm.cadl#L611) |&#xA;| Unknown decorator &lt;br>Location: [@azure-tools/cadl-azure-resource-manager/lib/arm.cadl](https://github.com/undefined/blob/undefined/specification/contoso-test/resource-manager/Microsoft.Contoso/cadl/node_modules/@azure-tools/cadl-azure-resource-manager/lib/arm.cadl#L173) |&#xA;| Unknown decorator &lt;br>Location: [@azure-tools/cadl-azure-resource-manager/lib/arm.cadl](https://github.com/undefined/blob/undefined/specification/contoso-test/resource-manager/Microsoft.Contoso/cadl/node_modules/@azure-tools/cadl-azure-resource-manager/lib/arm.cadl#L183) |&#xA;| Unknown decorator &lt;br>Location: [@azure-tools/cadl-azure-resource-manager/lib/arm.cadl](https://github.com/undefined/blob/undefined/specification/contoso-test/resource-manager/Microsoft.Contoso/cadl/node_modules/@azure-tools/cadl-azure-resource-manager/lib/arm.cadl#L195) |&#xA;| Unknown decorator &lt;br>Location: [@azure-tools/cadl-azure-resource-manager/lib/arm.cadl](https://github.com/undefined/blob/undefined/specification/contoso-test/resource-manager/Microsoft.Contoso/cadl/node_modules/@azure-tools/cadl-azure-resource-manager/lib/arm.cadl#L202) |&#xA;| Unknown decorator &lt;br>Location: [@azure-tools/cadl-azure-resource-manager/lib/arm.cadl](https://github.com/undefined/blob/undefined/specification/contoso-test/resource-manager/Microsoft.Contoso/cadl/node_modules/@azure-tools/cadl-azure-resource-manager/lib/arm.cadl#L202) |&#xA;| Unknown decorator &lt;br>Location: [@azure-tools/cadl-azure-resource-manager/lib/arm.cadl](https://github.com/undefined/blob/undefined/specification/contoso-test/resource-manager/Microsoft.Contoso/cadl/node_modules/@azure-tools/cadl-azure-resource-manager/lib/arm.cadl#L611) |&#xA;| Unknown decorator &lt;br>Location: [@azure-tools/cadl-azure-resource-manager/lib/arm.cadl](https://github.com/undefined/blob/undefined/specification/contoso-test/resource-manager/Microsoft.Contoso/cadl/node_modules/@azure-tools/cadl-azure-resource-manager/lib/arm.cadl#L202) |&#xA;| Unknown decorator &lt;br>Location: [@azure-tools/cadl-azure-resource-manager/lib/arm.cadl](https://github.com/undefined/blob/undefined/specification/contoso-test/resource-manager/Microsoft.Contoso/cadl/node_modules/@azure-tools/cadl-azure-resource-manager/lib/arm.cadl#L620) |&#xA;| Unknown decorator &lt;br>Location: [@azure-tools/cadl-azure-resource-manager/lib/arm.cadl](https://github.com/undefined/blob/undefined/specification/contoso-test/resource-manager/Microsoft.Contoso/cadl/node_modules/@azure-tools/cadl-azure-resource-manager/lib/arm.cadl#L635) |&#xA;| Unknown decorator &lt;br>Location: [@azure-tools/cadl-azure-resource-manager/lib/arm.cadl](https://github.com/undefined/blob/undefined/specification/contoso-test/resource-manager/Microsoft.Contoso/cadl/node_modules/@azure-tools/cadl-azure-resource-manager/lib/arm.cadl#L635) |&#xA;| Unknown decorator &lt;br>Location: [@azure-tools/cadl-azure-resource-manager/lib/arm.cadl](https://github.com/undefined/blob/undefined/specification/contoso-test/resource-manager/Microsoft.Contoso/cadl/node_modules/@azure-tools/cadl-azure-resource-manager/lib/arm.cadl#L650) |&#xA;| Unknown decorator &lt;br>Location: [@azure-tools/cadl-azure-resource-manager/lib/arm.cadl](https://github.com/undefined/blob/undefined/specification/contoso-test/resource-manager/Microsoft.Contoso/cadl/node_modules/@azure-tools/cadl-azure-resource-manager/lib/arm.cadl#L651) |&#xA;" type="ValidationResult"/>
    </testcase>
    <testcase classname="@azure-tools/cadl-azure-resource-manager/lib/arm.cadl" name="unknown-identifier" file="@azure-tools/cadl-azure-resource-manager/lib/arm.cadl">
      <failure message="| Unknown identifier armResourceInternal &lt;br>Location: [@azure-tools/cadl-azure-resource-manager/lib/arm.cadl](https://github.com/undefined/blob/undefined/specification/contoso-test/resource-manager/Microsoft.Contoso/cadl/node_modules/@azure-tools/cadl-azure-resource-manager/lib/arm.cadl#L59) |&#xA;| Unknown identifier armCommonDefinition &lt;br>Location: [@azure-tools/cadl-azure-resource-manager/lib/arm.cadl](https://github.com/undefined/blob/undefined/specification/contoso-test/resource-manager/Microsoft.Contoso/cadl/node_modules/@azure-tools/cadl-azure-resource-manager/lib/arm.cadl#L28) |&#xA;| Unknown identifier armCommonDefinition &lt;br>Location: [@azure-tools/cadl-azure-resource-manager/lib/arm.cadl](https://github.com/undefined/blob/undefined/specification/contoso-test/resource-manager/Microsoft.Contoso/cadl/node_modules/@azure-tools/cadl-azure-resource-manager/lib/arm.cadl#L421) |&#xA;| Unknown identifier armCommonDefinition &lt;br>Location: [@azure-tools/cadl-azure-resource-manager/lib/arm.cadl](https://github.com/undefined/blob/undefined/specification/contoso-test/resource-manager/Microsoft.Contoso/cadl/node_modules/@azure-tools/cadl-azure-resource-manager/lib/arm.cadl#L367) |&#xA;| Unknown identifier armCommonDefinition &lt;br>Location: [@azure-tools/cadl-azure-resource-manager/lib/arm.cadl](https://github.com/undefined/blob/undefined/specification/contoso-test/resource-manager/Microsoft.Contoso/cadl/node_modules/@azure-tools/cadl-azure-resource-manager/lib/arm.cadl#L374) |&#xA;| Unknown identifier armCommonDefinition &lt;br>Location: [@azure-tools/cadl-azure-resource-manager/lib/arm.cadl](https://github.com/undefined/blob/undefined/specification/contoso-test/resource-manager/Microsoft.Contoso/cadl/node_modules/@azure-tools/cadl-azure-resource-manager/lib/arm.cadl#L398) |&#xA;| Unknown identifier asyncOperationOptions &lt;br>Location: [@azure-tools/cadl-azure-resource-manager/lib/arm.cadl](https://github.com/undefined/blob/undefined/specification/contoso-test/resource-manager/Microsoft.Contoso/cadl/node_modules/@azure-tools/cadl-azure-resource-manager/lib/arm.cadl#L619) |&#xA;| Unknown identifier armResourceCreateOrUpdate &lt;br>Location: [@azure-tools/cadl-azure-resource-manager/lib/arm.cadl](https://github.com/undefined/blob/undefined/specification/contoso-test/resource-manager/Microsoft.Contoso/cadl/node_modules/@azure-tools/cadl-azure-resource-manager/lib/arm.cadl#L620) |&#xA;| Unknown identifier pageable &lt;br>Location: [@azure-tools/cadl-azure-resource-manager/lib/arm.cadl](https://github.com/undefined/blob/undefined/specification/contoso-test/resource-manager/Microsoft.Contoso/cadl/node_modules/@azure-tools/cadl-azure-resource-manager/lib/arm.cadl#L675) |&#xA;| Unknown identifier armRenameListByOperation &lt;br>Location: [@azure-tools/cadl-azure-resource-manager/lib/arm.cadl](https://github.com/undefined/blob/undefined/specification/contoso-test/resource-manager/Microsoft.Contoso/cadl/node_modules/@azure-tools/cadl-azure-resource-manager/lib/arm.cadl#L679) |&#xA;| Unknown identifier armResourceList &lt;br>Location: [@azure-tools/cadl-azure-resource-manager/lib/arm.cadl](https://github.com/undefined/blob/undefined/specification/contoso-test/resource-manager/Microsoft.Contoso/cadl/node_modules/@azure-tools/cadl-azure-resource-manager/lib/arm.cadl#L680) |&#xA;| Unknown identifier armUpdateProviderNamespace &lt;br>Location: [@azure-tools/cadl-azure-resource-manager/lib/arm.cadl](https://github.com/undefined/blob/undefined/specification/contoso-test/resource-manager/Microsoft.Contoso/cadl/node_modules/@azure-tools/cadl-azure-resource-manager/lib/arm.cadl#L735) |&#xA;| Unknown identifier pageable &lt;br>Location: [@azure-tools/cadl-azure-resource-manager/lib/arm.cadl](https://github.com/undefined/blob/undefined/specification/contoso-test/resource-manager/Microsoft.Contoso/cadl/node_modules/@azure-tools/cadl-azure-resource-manager/lib/arm.cadl#L736) |&#xA;" type="ValidationResult"/>
    </testcase>
    <testcase classname="resource-manager/Microsoft.Contoso/cadl/main.cadl" name="@azure-tools/cadl-azure-resource-manager/resource-name" file="resource-manager/Microsoft.Contoso/cadl/main.cadl">
      <failure message="| The resource 'name' field should be marked with 'read' visibility and an @path decorator. &lt;br>Location: [resource-manager/Microsoft.Contoso/cadl/main.cadl](https://github.com/undefined/blob/undefined/specification/contoso-test/resource-manager/Microsoft.Contoso/cadl/main.cadl#L19) |&#xA;" type="ValidationResult"/>
    </testcase>
    <testcase classname="resource-manager/Microsoft.Contoso/cadl/main.cadl" name="@azure-tools/cadl-providerhub/property-requires-documentation" file="resource-manager/Microsoft.Contoso/cadl/main.cadl">
      <failure message="| The property must have a documentation or description, please use decorator @doc to add it. &lt;br>Location: [resource-manager/Microsoft.Contoso/cadl/main.cadl](https://github.com/undefined/blob/undefined/specification/contoso-test/resource-manager/Microsoft.Contoso/cadl/main.cadl#L43) |&#xA;| The property must have a documentation or description, please use decorator @doc to add it. &lt;br>Location: [resource-manager/Microsoft.Contoso/cadl/main.cadl](https://github.com/undefined/blob/undefined/specification/contoso-test/resource-manager/Microsoft.Contoso/cadl/main.cadl#L48) |&#xA;" type="ValidationResult"/>
    </testcase>
    <testcase classname="resource-manager/Microsoft.Contoso/cadl/main.cadl" name="unknown-decorator" file="resource-manager/Microsoft.Contoso/cadl/main.cadl">
      <failure message="| Unknown decorator &lt;br>Location: [resource-manager/Microsoft.Contoso/cadl/main.cadl](https://github.com/undefined/blob/undefined/specification/contoso-test/resource-manager/Microsoft.Contoso/cadl/main.cadl#L51) |&#xA;| Unknown decorator &lt;br>Location: [resource-manager/Microsoft.Contoso/cadl/main.cadl](https://github.com/undefined/blob/undefined/specification/contoso-test/resource-manager/Microsoft.Contoso/cadl/main.cadl#L7) |&#xA;| Unknown decorator &lt;br>Location: [resource-manager/Microsoft.Contoso/cadl/main.cadl](https://github.com/undefined/blob/undefined/specification/contoso-test/resource-manager/Microsoft.Contoso/cadl/main.cadl#L43) |&#xA;| Unknown decorator &lt;br>Location: [resource-manager/Microsoft.Contoso/cadl/main.cadl](https://github.com/undefined/blob/undefined/specification/contoso-test/resource-manager/Microsoft.Contoso/cadl/main.cadl#L51) |&#xA;| Unknown decorator &lt;br>Location: [resource-manager/Microsoft.Contoso/cadl/main.cadl](https://github.com/undefined/blob/undefined/specification/contoso-test/resource-manager/Microsoft.Contoso/cadl/main.cadl#L7) |&#xA;| Unknown decorator &lt;br>Location: [resource-manager/Microsoft.Contoso/cadl/main.cadl](https://github.com/undefined/blob/undefined/specification/contoso-test/resource-manager/Microsoft.Contoso/cadl/main.cadl#L43) |&#xA;| Unknown decorator &lt;br>Location: [resource-manager/Microsoft.Contoso/cadl/main.cadl](https://github.com/undefined/blob/undefined/specification/contoso-test/resource-manager/Microsoft.Contoso/cadl/main.cadl#L51) |&#xA;" type="ValidationResult"/>
    </testcase>
    <testcase classname="resource-manager/Microsoft.Contoso/cadl/main.cadl" name="unknown-identifier" file="resource-manager/Microsoft.Contoso/cadl/main.cadl">
      <failure message="| Unknown identifier armNamespace &lt;br>Location: [resource-manager/Microsoft.Contoso/cadl/main.cadl](https://github.com/undefined/blob/undefined/specification/contoso-test/resource-manager/Microsoft.Contoso/cadl/main.cadl#L7) |&#xA;| Unknown identifier OpenAPI &lt;br>Location: [resource-manager/Microsoft.Contoso/cadl/main.cadl](https://github.com/undefined/blob/undefined/specification/contoso-test/resource-manager/Microsoft.Contoso/cadl/main.cadl#L14) |&#xA;| Unknown identifier OpenAPI &lt;br>Location: [resource-manager/Microsoft.Contoso/cadl/main.cadl](https://github.com/undefined/blob/undefined/specification/contoso-test/resource-manager/Microsoft.Contoso/cadl/main.cadl#L14) |&#xA;" type="ValidationResult"/>
    </testcase>
  </testsuite>
</testsuites>